<?xml version="1.0"?>
<!DOCTYPE coverage SYSTEM "http://cobertura.sourceforge.net/xml/coverage-04.dtd">

<coverage line-rate="0.673469387755102" branch-rate="0.48717948717948717" lines-covered="495" lines-valid="735" branches-covered="76" branches-valid="156" complexity="1.1448275862068966" version="2.1.1" timestamp="1487062682561">
	<sources>
		<source>--source</source>
		<source>D:/workspace/homework/tm-store/src/main/java</source>
	</sources>
	<packages>
		<package name="io.jistol.tm.store" line-rate="0.7777777777777778" branch-rate="1.0" complexity="1.0">
			<classes>
				<class name="io.jistol.tm.store.Application" filename="io/jistol/tm/store/Application.java" line-rate="0.75" branch-rate="1.0" complexity="1.0">
					<methods>
						<method name="&lt;clinit&gt;" signature="()V" line-rate="1.0" branch-rate="1.0" complexity="0">
							<lines>
								<line number="16" hits="4" branch="false"/>
							</lines>
						</method>
						<method name="&lt;init&gt;" signature="()V" line-rate="1.0" branch-rate="1.0" complexity="0">
							<lines>
								<line number="14" hits="12" branch="false"/>
							</lines>
						</method>
						<method name="main" signature="([Ljava/lang/String;)V" line-rate="0.0" branch-rate="1.0" complexity="0">
							<lines>
								<line number="23" hits="0" branch="false"/>
								<line number="24" hits="0" branch="false"/>
							</lines>
						</method>
						<method name="run" signature="([Ljava/lang/String;)V" line-rate="1.0" branch-rate="1.0" complexity="0">
							<lines>
								<line number="29" hits="12" branch="false"/>
								<line number="30" hits="12" branch="false"/>
								<line number="31" hits="12" branch="false"/>
								<line number="32" hits="12" branch="false"/>
							</lines>
						</method>
					</methods>
					<lines>
						<line number="14" hits="12" branch="false"/>
						<line number="16" hits="4" branch="false"/>
						<line number="23" hits="0" branch="false"/>
						<line number="24" hits="0" branch="false"/>
						<line number="29" hits="12" branch="false"/>
						<line number="30" hits="12" branch="false"/>
						<line number="31" hits="12" branch="false"/>
						<line number="32" hits="12" branch="false"/>
					</lines>
				</class>
				<class name="io.jistol.tm.store.Application$1" filename="io/jistol/tm/store/Application.java" line-rate="1.0" branch-rate="1.0" complexity="1.0">
					<methods>
						<method name="&lt;init&gt;" signature="()V" line-rate="1.0" branch-rate="1.0" complexity="0">
							<lines>
								<line number="16" hits="4" branch="false"/>
							</lines>
						</method>
					</methods>
					<lines>
						<line number="16" hits="4" branch="false"/>
					</lines>
				</class>
			</classes>
		</package>
		<package name="io.jistol.tm.store.aop" line-rate="0.78125" branch-rate="0.5" complexity="0.0">
			<classes>
				<class name="io.jistol.tm.store.aop.ControllerAspect" filename="io/jistol/tm/store/aop/ControllerAspect.java" line-rate="0.7741935483870968" branch-rate="0.5" complexity="0.0">
					<methods>
						<method name="&lt;clinit&gt;" signature="()V" line-rate="1.0" branch-rate="1.0" complexity="0">
							<lines>
								<line number="36" hits="4" branch="false"/>
							</lines>
						</method>
						<method name="&lt;init&gt;" signature="()V" line-rate="1.0" branch-rate="1.0" complexity="0">
							<lines>
								<line number="34" hits="12" branch="false"/>
							</lines>
						</method>
						<method name="afterRestController" signature="(Lorg/aspectj/lang/JoinPoint;Ljava/lang/Object;)V" line-rate="0.6666666666666666" branch-rate="0.5" complexity="0">
							<lines>
								<line number="96" hits="144" branch="true" condition-coverage="50% (1/2)">
									<conditions>
										<condition number="0" type="jump" coverage="50%"/>
									</conditions>
								</line>
								<line number="98" hits="0" branch="false"/>
								<line number="100" hits="144" branch="false"/>
							</lines>
						</method>
						<method name="beforeRestController" signature="(Lorg/aspectj/lang/JoinPoint;)V" line-rate="0.42857142857142855" branch-rate="0.16666666666666666" complexity="0">
							<lines>
								<line number="44" hits="144" branch="false"/>
								<line number="45" hits="144" branch="true" condition-coverage="50% (1/2)">
									<conditions>
										<condition number="0" type="jump" coverage="50%"/>
									</conditions>
								</line>
								<line number="47" hits="0" branch="false"/>
								<line number="48" hits="0" branch="false"/>
								<line number="49" hits="0" branch="false"/>
								<line number="50" hits="0" branch="true" condition-coverage="0% (0/4)">
									<conditions>
										<condition number="0" type="jump" coverage="0%"/>
										<condition number="1" type="jump" coverage="0%"/>
									</conditions>
								</line>
								<line number="55" hits="144" branch="false"/>
							</lines>
						</method>
						<method name="checkAccountRole" signature="(Lorg/aspectj/lang/ProceedingJoinPoint;)Ljava/lang/Object;" line-rate="0.9444444444444444" branch-rate="0.7" complexity="0">
							<lines>
								<line number="61" hits="20" branch="false"/>
								<line number="62" hits="20" branch="false"/>
								<line number="63" hits="40" branch="true" condition-coverage="100% (2/2)">
									<conditions>
										<condition number="0" type="jump" coverage="100%"/>
									</conditions>
								</line>
								<line number="65" hits="20" branch="true" condition-coverage="50% (1/2)">
									<conditions>
										<condition number="0" type="jump" coverage="50%"/>
									</conditions>
								</line>
								<line number="67" hits="20" branch="false"/>
								<line number="71" hits="20" branch="true" condition-coverage="50% (1/2)">
									<conditions>
										<condition number="0" type="jump" coverage="50%"/>
									</conditions>
								</line>
								<line number="74" hits="0" branch="false"/>
								<line number="77" hits="20" branch="false"/>
								<line number="78" hits="20" branch="false"/>
								<line number="79" hits="20" branch="false"/>
								<line number="80" hits="20" branch="false"/>
								<line number="81" hits="20" branch="true" condition-coverage="75% (3/4)">
									<conditions>
										<condition number="0" type="jump" coverage="50%"/>
										<condition number="1" type="jump" coverage="100%"/>
									</conditions>
								</line>
								<line number="83" hits="4" branch="false"/>
								<line number="86" hits="16" branch="false"/>
								<line number="87" hits="16" branch="false"/>
								<line number="88" hits="16" branch="false"/>
								<line number="89" hits="16" branch="false"/>
								<line number="90" hits="16" branch="false"/>
							</lines>
						</method>
						<method name="lambda$beforeRestController$16" signature="(Ljava/lang/StringBuilder;Ljava/lang/String;)Ljava/lang/StringBuilder;" line-rate="0.0" branch-rate="1.0" complexity="0">
							<lines>
								<line number="52" hits="0" branch="false"/>
							</lines>
						</method>
						<method name="lambda$beforeRestController$17" signature="(Ljava/lang/StringBuilder;Ljava/lang/StringBuilder;)Ljava/lang/StringBuilder;" line-rate="1.0" branch-rate="1.0" complexity="0">
							<lines>
							</lines>
						</method>
					</methods>
					<lines>
						<line number="34" hits="12" branch="false"/>
						<line number="36" hits="4" branch="false"/>
						<line number="44" hits="144" branch="false"/>
						<line number="45" hits="144" branch="true" condition-coverage="50% (1/2)">
							<conditions>
								<condition number="0" type="jump" coverage="50%"/>
							</conditions>
						</line>
						<line number="47" hits="0" branch="false"/>
						<line number="48" hits="0" branch="false"/>
						<line number="49" hits="0" branch="false"/>
						<line number="50" hits="0" branch="true" condition-coverage="0% (0/4)">
							<conditions>
								<condition number="0" type="jump" coverage="0%"/>
								<condition number="1" type="jump" coverage="0%"/>
							</conditions>
						</line>
						<line number="52" hits="0" branch="false"/>
						<line number="55" hits="144" branch="false"/>
						<line number="61" hits="20" branch="false"/>
						<line number="62" hits="20" branch="false"/>
						<line number="63" hits="40" branch="true" condition-coverage="100% (2/2)">
							<conditions>
								<condition number="0" type="jump" coverage="100%"/>
							</conditions>
						</line>
						<line number="65" hits="20" branch="true" condition-coverage="50% (1/2)">
							<conditions>
								<condition number="0" type="jump" coverage="50%"/>
							</conditions>
						</line>
						<line number="67" hits="20" branch="false"/>
						<line number="71" hits="20" branch="true" condition-coverage="50% (1/2)">
							<conditions>
								<condition number="0" type="jump" coverage="50%"/>
							</conditions>
						</line>
						<line number="74" hits="0" branch="false"/>
						<line number="77" hits="20" branch="false"/>
						<line number="78" hits="20" branch="false"/>
						<line number="79" hits="20" branch="false"/>
						<line number="80" hits="20" branch="false"/>
						<line number="81" hits="20" branch="true" condition-coverage="75% (3/4)">
							<conditions>
								<condition number="0" type="jump" coverage="50%"/>
								<condition number="1" type="jump" coverage="100%"/>
							</conditions>
						</line>
						<line number="83" hits="4" branch="false"/>
						<line number="86" hits="16" branch="false"/>
						<line number="87" hits="16" branch="false"/>
						<line number="88" hits="16" branch="false"/>
						<line number="89" hits="16" branch="false"/>
						<line number="90" hits="16" branch="false"/>
						<line number="96" hits="144" branch="true" condition-coverage="50% (1/2)">
							<conditions>
								<condition number="0" type="jump" coverage="50%"/>
							</conditions>
						</line>
						<line number="98" hits="0" branch="false"/>
						<line number="100" hits="144" branch="false"/>
					</lines>
				</class>
				<class name="io.jistol.tm.store.aop.ControllerAspect$1" filename="io/jistol/tm/store/aop/ControllerAspect.java" line-rate="1.0" branch-rate="1.0" complexity="0.0">
					<methods>
						<method name="&lt;init&gt;" signature="()V" line-rate="1.0" branch-rate="1.0" complexity="0">
							<lines>
								<line number="36" hits="4" branch="false"/>
							</lines>
						</method>
					</methods>
					<lines>
						<line number="36" hits="4" branch="false"/>
					</lines>
				</class>
			</classes>
		</package>
		<package name="io.jistol.tm.store.aop.annotation" line-rate="1.0" branch-rate="1.0" complexity="0.0">
			<classes>
				<class name="io.jistol.tm.store.aop.annotation.AccountRole" filename="io/jistol/tm/store/aop/annotation/AccountRole.java" line-rate="1.0" branch-rate="1.0" complexity="0.0">
					<methods>
					</methods>
					<lines>
					</lines>
				</class>
			</classes>
		</package>
		<package name="io.jistol.tm.store.common" line-rate="0.8928571428571429" branch-rate="0.875" complexity="1.1875">
			<classes>
				<class name="io.jistol.tm.store.common.Code" filename="io/jistol/tm/store/common/Code.java" line-rate="0.9047619047619048" branch-rate="1.0" complexity="1.0">
					<methods>
						<method name="&lt;clinit&gt;" signature="()V" line-rate="1.0" branch-rate="1.0" complexity="0">
							<lines>
								<line number="6" hits="4" branch="false"/>
								<line number="8" hits="4" branch="false"/>
								<line number="9" hits="4" branch="false"/>
								<line number="11" hits="4" branch="false"/>
								<line number="12" hits="4" branch="false"/>
								<line number="13" hits="4" branch="false"/>
								<line number="15" hits="4" branch="false"/>
								<line number="16" hits="4" branch="false"/>
								<line number="17" hits="4" branch="false"/>
								<line number="18" hits="4" branch="false"/>
								<line number="19" hits="4" branch="false"/>
							</lines>
						</method>
						<method name="&lt;init&gt;" signature="(Ljava/lang/String;ILjava/lang/String;Ljava/lang/String;Ljava/lang/String;Ljava/lang/String;)V" line-rate="1.0" branch-rate="1.0" complexity="0">
							<lines>
								<line number="27" hits="40" branch="false"/>
								<line number="28" hits="40" branch="false"/>
								<line number="29" hits="40" branch="false"/>
								<line number="30" hits="40" branch="false"/>
								<line number="31" hits="40" branch="false"/>
								<line number="32" hits="40" branch="false"/>
							</lines>
						</method>
						<method name="getCode" signature="()Ljava/lang/String;" line-rate="1.0" branch-rate="1.0" complexity="0">
							<lines>
								<line number="35" hits="16768" branch="false"/>
							</lines>
						</method>
						<method name="getDescription" signature="()Ljava/lang/String;" line-rate="0.0" branch-rate="1.0" complexity="0">
							<lines>
								<line number="47" hits="0" branch="false"/>
							</lines>
						</method>
						<method name="getName" signature="()Ljava/lang/String;" line-rate="0.0" branch-rate="1.0" complexity="0">
							<lines>
								<line number="39" hits="0" branch="false"/>
							</lines>
						</method>
						<method name="getScript" signature="()Ljava/lang/String;" line-rate="1.0" branch-rate="1.0" complexity="0">
							<lines>
								<line number="43" hits="352" branch="false"/>
							</lines>
						</method>
						<method name="valueOf" signature="(Ljava/lang/String;)Lio/jistol/tm/store/common/Code;" line-rate="1.0" branch-rate="1.0" complexity="0">
							<lines>
							</lines>
						</method>
						<method name="values" signature="()[Lio/jistol/tm/store/common/Code;" line-rate="1.0" branch-rate="1.0" complexity="0">
							<lines>
							</lines>
						</method>
					</methods>
					<lines>
						<line number="6" hits="4" branch="false"/>
						<line number="8" hits="4" branch="false"/>
						<line number="9" hits="4" branch="false"/>
						<line number="11" hits="4" branch="false"/>
						<line number="12" hits="4" branch="false"/>
						<line number="13" hits="4" branch="false"/>
						<line number="15" hits="4" branch="false"/>
						<line number="16" hits="4" branch="false"/>
						<line number="17" hits="4" branch="false"/>
						<line number="18" hits="4" branch="false"/>
						<line number="19" hits="4" branch="false"/>
						<line number="27" hits="40" branch="false"/>
						<line number="28" hits="40" branch="false"/>
						<line number="29" hits="40" branch="false"/>
						<line number="30" hits="40" branch="false"/>
						<line number="31" hits="40" branch="false"/>
						<line number="32" hits="40" branch="false"/>
						<line number="35" hits="16768" branch="false"/>
						<line number="39" hits="0" branch="false"/>
						<line number="43" hits="352" branch="false"/>
						<line number="47" hits="0" branch="false"/>
					</lines>
				</class>
				<class name="io.jistol.tm.store.common.ResultCode" filename="io/jistol/tm/store/common/ResultCode.java" line-rate="0.9230769230769231" branch-rate="1.0" complexity="1.0">
					<methods>
						<method name="&lt;clinit&gt;" signature="()V" line-rate="1.0" branch-rate="1.0" complexity="0">
							<lines>
								<line number="6" hits="4" branch="false"/>
								<line number="8" hits="4" branch="false"/>
								<line number="9" hits="4" branch="false"/>
								<line number="10" hits="4" branch="false"/>
								<line number="11" hits="4" branch="false"/>
							</lines>
						</method>
						<method name="&lt;init&gt;" signature="(Ljava/lang/String;IILjava/lang/String;Ljava/lang/String;)V" line-rate="1.0" branch-rate="1.0" complexity="0">
							<lines>
								<line number="17" hits="16" branch="false"/>
								<line number="18" hits="16" branch="false"/>
								<line number="19" hits="16" branch="false"/>
								<line number="20" hits="16" branch="false"/>
								<line number="21" hits="16" branch="false"/>
							</lines>
						</method>
						<method name="getCode" signature="()I" line-rate="1.0" branch-rate="1.0" complexity="0">
							<lines>
								<line number="24" hits="248" branch="false"/>
							</lines>
						</method>
						<method name="getDescription" signature="()Ljava/lang/String;" line-rate="0.0" branch-rate="1.0" complexity="0">
							<lines>
								<line number="32" hits="0" branch="false"/>
							</lines>
						</method>
						<method name="getMessage" signature="()Ljava/lang/String;" line-rate="1.0" branch-rate="1.0" complexity="0">
							<lines>
								<line number="28" hits="184" branch="false"/>
							</lines>
						</method>
						<method name="valueOf" signature="(Ljava/lang/String;)Lio/jistol/tm/store/common/ResultCode;" line-rate="1.0" branch-rate="1.0" complexity="0">
							<lines>
							</lines>
						</method>
						<method name="values" signature="()[Lio/jistol/tm/store/common/ResultCode;" line-rate="1.0" branch-rate="1.0" complexity="0">
							<lines>
							</lines>
						</method>
					</methods>
					<lines>
						<line number="6" hits="4" branch="false"/>
						<line number="8" hits="4" branch="false"/>
						<line number="9" hits="4" branch="false"/>
						<line number="10" hits="4" branch="false"/>
						<line number="11" hits="4" branch="false"/>
						<line number="17" hits="16" branch="false"/>
						<line number="18" hits="16" branch="false"/>
						<line number="19" hits="16" branch="false"/>
						<line number="20" hits="16" branch="false"/>
						<line number="21" hits="16" branch="false"/>
						<line number="24" hits="248" branch="false"/>
						<line number="28" hits="184" branch="false"/>
						<line number="32" hits="0" branch="false"/>
					</lines>
				</class>
				<class name="io.jistol.tm.store.common.Role" filename="io/jistol/tm/store/common/Role.java" line-rate="0.8636363636363636" branch-rate="0.875" complexity="1.4285714285714286">
					<methods>
						<method name="&lt;clinit&gt;" signature="()V" line-rate="1.0" branch-rate="1.0" complexity="0">
							<lines>
								<line number="11" hits="12" branch="false"/>
								<line number="13" hits="4" branch="false"/>
								<line number="14" hits="4" branch="false"/>
								<line number="15" hits="4" branch="false"/>
								<line number="16" hits="4" branch="false"/>
								<line number="31" hits="4" branch="false"/>
							</lines>
						</method>
						<method name="&lt;init&gt;" signature="(Ljava/lang/String;ILjava/lang/String;Ljava/lang/String;ILjava/lang/String;)V" line-rate="1.0" branch-rate="1.0" complexity="0">
							<lines>
								<line number="24" hits="16" branch="false"/>
								<line number="25" hits="16" branch="false"/>
								<line number="26" hits="16" branch="false"/>
								<line number="27" hits="16" branch="false"/>
								<line number="28" hits="16" branch="false"/>
								<line number="29" hits="16" branch="false"/>
							</lines>
						</method>
						<method name="checkAcceptLevel" signature="(Ljava/lang/String;Ljava/lang/String;)Z" line-rate="1.0" branch-rate="1.0" complexity="0">
							<lines>
								<line number="48" hits="20" branch="true" condition-coverage="100% (2/2)">
									<conditions>
										<condition number="0" type="jump" coverage="100%"/>
									</conditions>
								</line>
							</lines>
						</method>
						<method name="getCode" signature="()Ljava/lang/String;" line-rate="1.0" branch-rate="1.0" complexity="0">
							<lines>
								<line number="52" hits="36" branch="false"/>
							</lines>
						</method>
						<method name="getDescription" signature="()Ljava/lang/String;" line-rate="0.0" branch-rate="1.0" complexity="0">
							<lines>
								<line number="64" hits="0" branch="false"/>
							</lines>
						</method>
						<method name="getLevel" signature="()I" line-rate="0.0" branch-rate="1.0" complexity="0">
							<lines>
								<line number="60" hits="0" branch="false"/>
							</lines>
						</method>
						<method name="getName" signature="()Ljava/lang/String;" line-rate="0.0" branch-rate="1.0" complexity="0">
							<lines>
								<line number="56" hits="0" branch="false"/>
							</lines>
						</method>
						<method name="getRole" signature="(Ljava/lang/String;)Lio/jistol/tm/store/common/Role;" line-rate="1.0" branch-rate="0.8333333333333334" complexity="0">
							<lines>
								<line number="35" hits="40" branch="true" condition-coverage="100% (2/2)">
									<conditions>
										<condition number="0" type="jump" coverage="100%"/>
									</conditions>
								</line>
								<line number="37" hits="20" branch="true" condition-coverage="100% (2/2)">
									<conditions>
										<condition number="0" type="jump" coverage="100%"/>
									</conditions>
								</line>
								<line number="39" hits="16" branch="false"/>
								<line number="42" hits="40" branch="false"/>
								<line number="43" hits="40" branch="true" condition-coverage="50% (1/2)">
									<conditions>
										<condition number="0" type="jump" coverage="50%"/>
									</conditions>
								</line>
							</lines>
						</method>
						<method name="valueOf" signature="(Ljava/lang/String;)Lio/jistol/tm/store/common/Role;" line-rate="1.0" branch-rate="1.0" complexity="0">
							<lines>
							</lines>
						</method>
						<method name="values" signature="()[Lio/jistol/tm/store/common/Role;" line-rate="1.0" branch-rate="1.0" complexity="0">
							<lines>
							</lines>
						</method>
					</methods>
					<lines>
						<line number="11" hits="12" branch="false"/>
						<line number="13" hits="4" branch="false"/>
						<line number="14" hits="4" branch="false"/>
						<line number="15" hits="4" branch="false"/>
						<line number="16" hits="4" branch="false"/>
						<line number="24" hits="16" branch="false"/>
						<line number="25" hits="16" branch="false"/>
						<line number="26" hits="16" branch="false"/>
						<line number="27" hits="16" branch="false"/>
						<line number="28" hits="16" branch="false"/>
						<line number="29" hits="16" branch="false"/>
						<line number="31" hits="4" branch="false"/>
						<line number="35" hits="40" branch="true" condition-coverage="100% (2/2)">
							<conditions>
								<condition number="0" type="jump" coverage="100%"/>
							</conditions>
						</line>
						<line number="37" hits="20" branch="true" condition-coverage="100% (2/2)">
							<conditions>
								<condition number="0" type="jump" coverage="100%"/>
							</conditions>
						</line>
						<line number="39" hits="16" branch="false"/>
						<line number="42" hits="40" branch="false"/>
						<line number="43" hits="40" branch="true" condition-coverage="50% (1/2)">
							<conditions>
								<condition number="0" type="jump" coverage="50%"/>
							</conditions>
						</line>
						<line number="48" hits="20" branch="true" condition-coverage="100% (2/2)">
							<conditions>
								<condition number="0" type="jump" coverage="100%"/>
							</conditions>
						</line>
						<line number="52" hits="36" branch="false"/>
						<line number="56" hits="0" branch="false"/>
						<line number="60" hits="0" branch="false"/>
						<line number="64" hits="0" branch="false"/>
					</lines>
				</class>
			</classes>
		</package>
		<package name="io.jistol.tm.store.configuration" line-rate="1.0" branch-rate="1.0" complexity="1.0">
			<classes>
				<class name="io.jistol.tm.store.configuration.EhcacheConfiguration" filename="io/jistol/tm/store/configuration/EhcacheConfiguration.java" line-rate="1.0" branch-rate="1.0" complexity="1.0">
					<methods>
						<method name="&lt;init&gt;" signature="()V" line-rate="1.0" branch-rate="1.0" complexity="0">
							<lines>
								<line number="16" hits="12" branch="false"/>
							</lines>
						</method>
						<method name="cacheManager" signature="()Lorg/springframework/cache/CacheManager;" line-rate="1.0" branch-rate="1.0" complexity="0">
							<lines>
								<line number="20" hits="12" branch="false"/>
							</lines>
						</method>
						<method name="ehCacheCacheManager" signature="()Lorg/springframework/cache/ehcache/EhCacheManagerFactoryBean;" line-rate="1.0" branch-rate="1.0" complexity="0">
							<lines>
								<line number="25" hits="12" branch="false"/>
								<line number="26" hits="12" branch="false"/>
								<line number="27" hits="12" branch="false"/>
								<line number="28" hits="12" branch="false"/>
							</lines>
						</method>
					</methods>
					<lines>
						<line number="16" hits="12" branch="false"/>
						<line number="20" hits="12" branch="false"/>
						<line number="25" hits="12" branch="false"/>
						<line number="26" hits="12" branch="false"/>
						<line number="27" hits="12" branch="false"/>
						<line number="28" hits="12" branch="false"/>
					</lines>
				</class>
				<class name="io.jistol.tm.store.configuration.GlobalConfiguration" filename="io/jistol/tm/store/configuration/GlobalConfiguration.java" line-rate="1.0" branch-rate="1.0" complexity="1.0">
					<methods>
						<method name="&lt;init&gt;" signature="()V" line-rate="1.0" branch-rate="1.0" complexity="0">
							<lines>
								<line number="13" hits="12" branch="false"/>
							</lines>
						</method>
						<method name="customize" signature="(Lorg/springframework/boot/context/embedded/ConfigurableEmbeddedServletContainer;)V" line-rate="1.0" branch-rate="1.0" complexity="0">
							<lines>
								<line number="18" hits="12" branch="false"/>
								<line number="19" hits="12" branch="false"/>
								<line number="20" hits="12" branch="false"/>
							</lines>
						</method>
					</methods>
					<lines>
						<line number="13" hits="12" branch="false"/>
						<line number="18" hits="12" branch="false"/>
						<line number="19" hits="12" branch="false"/>
						<line number="20" hits="12" branch="false"/>
					</lines>
				</class>
			</classes>
		</package>
		<package name="io.jistol.tm.store.controller" line-rate="0.9" branch-rate="0.5833333333333334" complexity="1.0">
			<classes>
				<class name="io.jistol.tm.store.controller.DefaultController" filename="io/jistol/tm/store/controller/DefaultController.java" line-rate="1.0" branch-rate="1.0" complexity="1.0">
					<methods>
						<method name="&lt;init&gt;" signature="()V" line-rate="1.0" branch-rate="1.0" complexity="0">
							<lines>
								<line number="10" hits="12" branch="false"/>
							</lines>
						</method>
						<method name="welcome" signature="()Ljava/lang/String;" line-rate="1.0" branch-rate="1.0" complexity="0">
							<lines>
								<line number="15" hits="4" branch="false"/>
							</lines>
						</method>
					</methods>
					<lines>
						<line number="10" hits="12" branch="false"/>
						<line number="15" hits="4" branch="false"/>
					</lines>
				</class>
				<class name="io.jistol.tm.store.controller.ErrorController" filename="io/jistol/tm/store/controller/ErrorController.java" line-rate="0.3333333333333333" branch-rate="1.0" complexity="1.0">
					<methods>
						<method name="&lt;init&gt;" signature="()V" line-rate="1.0" branch-rate="1.0" complexity="0">
							<lines>
								<line number="12" hits="12" branch="false"/>
							</lines>
						</method>
						<method name="notFoundPage" signature="()Lio/jistol/tm/store/model/result/IResult;" line-rate="0.0" branch-rate="1.0" complexity="0">
							<lines>
								<line number="17" hits="0" branch="false"/>
							</lines>
						</method>
						<method name="serverInternelError" signature="()Lio/jistol/tm/store/model/result/IResult;" line-rate="0.0" branch-rate="1.0" complexity="0">
							<lines>
								<line number="23" hits="0" branch="false"/>
							</lines>
						</method>
					</methods>
					<lines>
						<line number="12" hits="12" branch="false"/>
						<line number="17" hits="0" branch="false"/>
						<line number="23" hits="0" branch="false"/>
					</lines>
				</class>
				<class name="io.jistol.tm.store.controller.RuleController" filename="io/jistol/tm/store/controller/RuleController.java" line-rate="0.9318181818181818" branch-rate="0.625" complexity="0.0">
					<methods>
						<method name="&lt;init&gt;" signature="()V" line-rate="1.0" branch-rate="1.0" complexity="0">
							<lines>
								<line number="34" hits="12" branch="false"/>
							</lines>
						</method>
						<method name="change" signature="(Lio/jistol/tm/store/model/param/RuleChangeForm;)Lio/jistol/tm/store/model/result/IResult;" line-rate="1.0" branch-rate="0.5" complexity="0">
							<lines>
								<line number="73" hits="4" branch="false"/>
								<line number="74" hits="4" branch="true" condition-coverage="50% (1/2)">
									<conditions>
										<condition number="0" type="jump" coverage="50%"/>
									</conditions>
								</line>
								<line number="76" hits="4" branch="false"/>
								<line number="77" hits="4" branch="false"/>
								<line number="78" hits="4" branch="false"/>
								<line number="81" hits="4" branch="false"/>
								<line number="82" hits="4" branch="false"/>
								<line number="83" hits="4" branch="false"/>
								<line number="84" hits="4" branch="false"/>
								<line number="86" hits="4" branch="false"/>
								<line number="90" hits="4" branch="false"/>
								<line number="91" hits="4" branch="false"/>
								<line number="92" hits="4" branch="false"/>
							</lines>
						</method>
						<method name="lambda$change$4" signature="(Lio/jistol/tm/store/model/param/RuleChangeScoreConditionForm;)Lio/jistol/tm/store/jpa/entity/base/RuleScoreCondition;" line-rate="1.0" branch-rate="1.0" complexity="0">
							<lines>
								<line number="87" hits="48" branch="false"/>
							</lines>
						</method>
						<method name="lambda$change$5" signature="(Lio/jistol/tm/store/jpa/entity/base/Rule;Lio/jistol/tm/store/jpa/entity/base/RuleScoreCondition;)V" line-rate="1.0" branch-rate="1.0" complexity="0">
							<lines>
								<line number="88" hits="48" branch="false"/>
							</lines>
						</method>
						<method name="lambda$patch$10" signature="([Ljava/lang/Object;)Ljava/lang/Long;" line-rate="1.0" branch-rate="1.0" complexity="0">
							<lines>
								<line number="120" hits="276" branch="false"/>
							</lines>
						</method>
						<method name="lambda$patch$11" signature="([Ljava/lang/Object;)Ljava/lang/Double;" line-rate="1.0" branch-rate="1.0" complexity="0">
							<lines>
							</lines>
						</method>
						<method name="lambda$patch$12" signature="([Ljava/lang/Object;)Ljava/lang/Long;" line-rate="1.0" branch-rate="1.0" complexity="0">
							<lines>
								<line number="121" hits="276" branch="false"/>
							</lines>
						</method>
						<method name="lambda$patch$13" signature="([Ljava/lang/Object;)Ljava/lang/Double;" line-rate="1.0" branch-rate="1.0" complexity="0">
							<lines>
							</lines>
						</method>
						<method name="lambda$patch$14" signature="([Ljava/lang/Object;)Ljava/lang/Long;" line-rate="1.0" branch-rate="1.0" complexity="0">
							<lines>
								<line number="122" hits="276" branch="false"/>
							</lines>
						</method>
						<method name="lambda$patch$15" signature="([Ljava/lang/Object;)Ljava/lang/Double;" line-rate="1.0" branch-rate="1.0" complexity="0">
							<lines>
							</lines>
						</method>
						<method name="lambda$patch$6" signature="(Lio/jistol/tm/store/jpa/entity/base/RuleScoreCondition;)Ljava/lang/String;" line-rate="1.0" branch-rate="1.0" complexity="0">
							<lines>
								<line number="118" hits="516" branch="false"/>
							</lines>
						</method>
						<method name="lambda$patch$7" signature="(Lio/jistol/tm/store/jpa/entity/base/RuleScoreCondition;)Lio/jistol/tm/store/jpa/entity/base/RuleScoreCondition;" line-rate="1.0" branch-rate="1.0" complexity="0">
							<lines>
							</lines>
						</method>
						<method name="lambda$patch$8" signature="(Lio/jistol/tm/store/jpa/entity/base/RuleItem;)Ljava/lang/String;" line-rate="1.0" branch-rate="1.0" complexity="0">
							<lines>
								<line number="119" hits="132" branch="false"/>
							</lines>
						</method>
						<method name="lambda$patch$9" signature="(Lio/jistol/tm/store/jpa/entity/base/RuleItem;)Ljava/lang/String;" line-rate="1.0" branch-rate="1.0" complexity="0">
							<lines>
							</lines>
						</method>
						<method name="patch" signature="(Lio/jistol/tm/store/model/param/RulePatchForm;)Lio/jistol/tm/store/model/result/IResult;" line-rate="0.9090909090909091" branch-rate="0.6666666666666666" complexity="0">
							<lines>
								<line number="104" hits="12" branch="false"/>
								<line number="105" hits="12" branch="true" condition-coverage="50% (1/2)">
									<conditions>
										<condition number="0" type="jump" coverage="50%"/>
									</conditions>
								</line>
								<line number="107" hits="0" branch="false"/>
								<line number="110" hits="12" branch="false"/>
								<line number="111" hits="12" branch="true" condition-coverage="50% (1/2)">
									<conditions>
										<condition number="0" type="jump" coverage="50%"/>
									</conditions>
								</line>
								<line number="113" hits="0" branch="false"/>
								<line number="116" hits="12" branch="false"/>
								<line number="117" hits="12" branch="false"/>
								<line number="124" hits="12" branch="false"/>
								<line number="125" hits="12" branch="false"/>
								<line number="126" hits="12" branch="false"/>
								<line number="128" hits="12" branch="true" condition-coverage="100% (2/2)">
									<conditions>
										<condition number="0" type="jump" coverage="100%"/>
									</conditions>
								</line>
								<line number="130" hits="4008" branch="false"/>
								<line number="131" hits="4008" branch="false"/>
								<line number="132" hits="4008" branch="false"/>
								<line number="133" hits="4008" branch="false"/>
								<line number="134" hits="4008" branch="false"/>
								<line number="135" hits="4008" branch="false"/>
								<line number="136" hits="4008" branch="false"/>
								<line number="137" hits="4008" branch="false"/>
								<line number="139" hits="12" branch="false"/>
								<line number="140" hits="12" branch="false"/>
							</lines>
						</method>
						<method name="welcome" signature="()Ljava/lang/String;" line-rate="0.0" branch-rate="1.0" complexity="0">
							<lines>
								<line number="65" hits="0" branch="false"/>
							</lines>
						</method>
					</methods>
					<lines>
						<line number="34" hits="12" branch="false"/>
						<line number="65" hits="0" branch="false"/>
						<line number="73" hits="4" branch="false"/>
						<line number="74" hits="4" branch="true" condition-coverage="50% (1/2)">
							<conditions>
								<condition number="0" type="jump" coverage="50%"/>
							</conditions>
						</line>
						<line number="76" hits="4" branch="false"/>
						<line number="77" hits="4" branch="false"/>
						<line number="78" hits="4" branch="false"/>
						<line number="81" hits="4" branch="false"/>
						<line number="82" hits="4" branch="false"/>
						<line number="83" hits="4" branch="false"/>
						<line number="84" hits="4" branch="false"/>
						<line number="86" hits="4" branch="false"/>
						<line number="87" hits="48" branch="false"/>
						<line number="88" hits="48" branch="false"/>
						<line number="90" hits="4" branch="false"/>
						<line number="91" hits="4" branch="false"/>
						<line number="92" hits="4" branch="false"/>
						<line number="104" hits="12" branch="false"/>
						<line number="105" hits="12" branch="true" condition-coverage="50% (1/2)">
							<conditions>
								<condition number="0" type="jump" coverage="50%"/>
							</conditions>
						</line>
						<line number="107" hits="0" branch="false"/>
						<line number="110" hits="12" branch="false"/>
						<line number="111" hits="12" branch="true" condition-coverage="50% (1/2)">
							<conditions>
								<condition number="0" type="jump" coverage="50%"/>
							</conditions>
						</line>
						<line number="113" hits="0" branch="false"/>
						<line number="116" hits="12" branch="false"/>
						<line number="117" hits="12" branch="false"/>
						<line number="118" hits="516" branch="false"/>
						<line number="119" hits="132" branch="false"/>
						<line number="120" hits="276" branch="false"/>
						<line number="121" hits="276" branch="false"/>
						<line number="122" hits="276" branch="false"/>
						<line number="124" hits="12" branch="false"/>
						<line number="125" hits="12" branch="false"/>
						<line number="126" hits="12" branch="false"/>
						<line number="128" hits="12" branch="true" condition-coverage="100% (2/2)">
							<conditions>
								<condition number="0" type="jump" coverage="100%"/>
							</conditions>
						</line>
						<line number="130" hits="4008" branch="false"/>
						<line number="131" hits="4008" branch="false"/>
						<line number="132" hits="4008" branch="false"/>
						<line number="133" hits="4008" branch="false"/>
						<line number="134" hits="4008" branch="false"/>
						<line number="135" hits="4008" branch="false"/>
						<line number="136" hits="4008" branch="false"/>
						<line number="137" hits="4008" branch="false"/>
						<line number="139" hits="12" branch="false"/>
						<line number="140" hits="12" branch="false"/>
					</lines>
				</class>
				<class name="io.jistol.tm.store.controller.RuleController$1" filename="io/jistol/tm/store/controller/RuleController.java" line-rate="1.0" branch-rate="1.0" complexity="0.0">
					<methods>
						<method name="&lt;init&gt;" signature="(Lio/jistol/tm/store/controller/RuleController;)V" line-rate="1.0" branch-rate="1.0" complexity="0">
							<lines>
								<line number="92" hits="4" branch="false"/>
							</lines>
						</method>
					</methods>
					<lines>
						<line number="92" hits="4" branch="false"/>
					</lines>
				</class>
				<class name="io.jistol.tm.store.controller.RuleController$2" filename="io/jistol/tm/store/controller/RuleController.java" line-rate="0.0" branch-rate="1.0" complexity="0.0">
					<methods>
						<method name="&lt;init&gt;" signature="(Lio/jistol/tm/store/controller/RuleController;)V" line-rate="0.0" branch-rate="1.0" complexity="0">
							<lines>
								<line number="107" hits="0" branch="false"/>
							</lines>
						</method>
					</methods>
					<lines>
						<line number="107" hits="0" branch="false"/>
					</lines>
				</class>
				<class name="io.jistol.tm.store.controller.RuleController$3" filename="io/jistol/tm/store/controller/RuleController.java" line-rate="0.0" branch-rate="1.0" complexity="0.0">
					<methods>
						<method name="&lt;init&gt;" signature="(Lio/jistol/tm/store/controller/RuleController;)V" line-rate="0.0" branch-rate="1.0" complexity="0">
							<lines>
								<line number="113" hits="0" branch="false"/>
							</lines>
						</method>
					</methods>
					<lines>
						<line number="113" hits="0" branch="false"/>
					</lines>
				</class>
				<class name="io.jistol.tm.store.controller.RuleController$4" filename="io/jistol/tm/store/controller/RuleController.java" line-rate="1.0" branch-rate="1.0" complexity="0.0">
					<methods>
						<method name="&lt;init&gt;" signature="(Lio/jistol/tm/store/controller/RuleController;)V" line-rate="1.0" branch-rate="1.0" complexity="0">
							<lines>
								<line number="140" hits="12" branch="false"/>
							</lines>
						</method>
					</methods>
					<lines>
						<line number="140" hits="12" branch="false"/>
					</lines>
				</class>
				<class name="io.jistol.tm.store.controller.StoreController" filename="io/jistol/tm/store/controller/StoreController.java" line-rate="0.9615384615384616" branch-rate="0.5" complexity="0.0">
					<methods>
						<method name="&lt;clinit&gt;" signature="()V" line-rate="1.0" branch-rate="1.0" complexity="0">
							<lines>
								<line number="38" hits="4" branch="false"/>
							</lines>
						</method>
						<method name="&lt;init&gt;" signature="()V" line-rate="1.0" branch-rate="1.0" complexity="0">
							<lines>
								<line number="37" hits="12" branch="false"/>
							</lines>
						</method>
						<method name="getDetails" signature="(JLjavax/servlet/http/HttpSession;)Lio/jistol/tm/store/model/result/IResult;" line-rate="1.0" branch-rate="0.5" complexity="0">
							<lines>
								<line number="78" hits="4" branch="false"/>
								<line number="79" hits="4" branch="false"/>
								<line number="80" hits="4" branch="false"/>
								<line number="81" hits="4" branch="true" condition-coverage="50% (1/2)">
									<conditions>
										<condition number="0" type="jump" coverage="50%"/>
									</conditions>
								</line>
								<line number="83" hits="8" branch="false"/>
								<line number="84" hits="4" branch="false"/>
								<line number="88" hits="4" branch="false"/>
							</lines>
						</method>
						<method name="getList" signature="(Lio/jistol/tm/store/model/param/StoreListForm;Lorg/springframework/data/domain/Sort;I)Lio/jistol/tm/store/model/result/IResult;" line-rate="1.0" branch-rate="1.0" complexity="0">
							<lines>
								<line number="60" hits="112" branch="false"/>
								<line number="61" hits="112" branch="false"/>
								<line number="62" hits="112" branch="false"/>
								<line number="64" hits="112" branch="false"/>
							</lines>
						</method>
						<method name="getPhotoList" signature="(J)Lio/jistol/tm/store/model/result/IResult;" line-rate="1.0" branch-rate="1.0" complexity="0">
							<lines>
								<line number="70" hits="8" branch="false"/>
								<line number="71" hits="8" branch="false"/>
							</lines>
						</method>
						<method name="insertReadCount" signature="(JLjava/lang/String;)V" line-rate="1.0" branch-rate="0.5" complexity="0">
							<lines>
								<line number="94" hits="4" branch="false"/>
								<line number="95" hits="4" branch="false"/>
								<line number="96" hits="4" branch="true" condition-coverage="50% (1/2)">
									<conditions>
										<condition number="0" type="jump" coverage="50%"/>
									</conditions>
								</line>
								<line number="98" hits="4" branch="false"/>
								<line number="99" hits="4" branch="false"/>
								<line number="101" hits="4" branch="false"/>
							</lines>
						</method>
						<method name="lambda$getDetails$20" signature="(Ljava/lang/StringBuilder;Lio/jistol/tm/store/jpa/entity/base/StoreDescription;)Ljava/lang/StringBuilder;" line-rate="1.0" branch-rate="1.0" complexity="0">
							<lines>
								<line number="85" hits="4" branch="false"/>
							</lines>
						</method>
						<method name="lambda$getDetails$21" signature="(Ljava/lang/StringBuilder;Ljava/lang/StringBuilder;)Ljava/lang/StringBuilder;" line-rate="1.0" branch-rate="1.0" complexity="0">
							<lines>
								<line number="86" hits="4" branch="false"/>
							</lines>
						</method>
						<method name="lambda$getList$18" signature="(Lio/jistol/tm/store/jpa/entity/base/Store;)Lio/jistol/tm/store/model/IStore;" line-rate="1.0" branch-rate="1.0" complexity="0">
							<lines>
								<line number="63" hits="1232" branch="false"/>
							</lines>
						</method>
						<method name="lambda$getPhotoList$19" signature="(Lio/jistol/tm/store/jpa/entity/base/StorePhoto;)Lio/jistol/tm/store/model/IStorePhoto;" line-rate="1.0" branch-rate="1.0" complexity="0">
							<lines>
								<line number="72" hits="16" branch="false"/>
							</lines>
						</method>
						<method name="welcome" signature="()Ljava/lang/String;" line-rate="0.0" branch-rate="1.0" complexity="0">
							<lines>
								<line number="54" hits="0" branch="false"/>
							</lines>
						</method>
					</methods>
					<lines>
						<line number="37" hits="12" branch="false"/>
						<line number="38" hits="4" branch="false"/>
						<line number="54" hits="0" branch="false"/>
						<line number="60" hits="112" branch="false"/>
						<line number="61" hits="112" branch="false"/>
						<line number="62" hits="112" branch="false"/>
						<line number="63" hits="1232" branch="false"/>
						<line number="64" hits="112" branch="false"/>
						<line number="70" hits="8" branch="false"/>
						<line number="71" hits="8" branch="false"/>
						<line number="72" hits="16" branch="false"/>
						<line number="78" hits="4" branch="false"/>
						<line number="79" hits="4" branch="false"/>
						<line number="80" hits="4" branch="false"/>
						<line number="81" hits="4" branch="true" condition-coverage="50% (1/2)">
							<conditions>
								<condition number="0" type="jump" coverage="50%"/>
							</conditions>
						</line>
						<line number="83" hits="8" branch="false"/>
						<line number="84" hits="4" branch="false"/>
						<line number="85" hits="4" branch="false"/>
						<line number="86" hits="4" branch="false"/>
						<line number="88" hits="4" branch="false"/>
						<line number="94" hits="4" branch="false"/>
						<line number="95" hits="4" branch="false"/>
						<line number="96" hits="4" branch="true" condition-coverage="50% (1/2)">
							<conditions>
								<condition number="0" type="jump" coverage="50%"/>
							</conditions>
						</line>
						<line number="98" hits="4" branch="false"/>
						<line number="99" hits="4" branch="false"/>
						<line number="101" hits="4" branch="false"/>
					</lines>
				</class>
				<class name="io.jistol.tm.store.controller.StoreController$1" filename="io/jistol/tm/store/controller/StoreController.java" line-rate="1.0" branch-rate="1.0" complexity="0.0">
					<methods>
						<method name="&lt;init&gt;" signature="()V" line-rate="1.0" branch-rate="1.0" complexity="0">
							<lines>
								<line number="38" hits="4" branch="false"/>
							</lines>
						</method>
					</methods>
					<lines>
						<line number="38" hits="4" branch="false"/>
					</lines>
				</class>
			</classes>
		</package>
		<package name="io.jistol.tm.store.exception" line-rate="0.5909090909090909" branch-rate="0.0" complexity="1.1111111111111112">
			<classes>
				<class name="io.jistol.tm.store.exception.CommonExceptionHandler" filename="io/jistol/tm/store/exception/CommonExceptionHandler.java" line-rate="0.5454545454545454" branch-rate="0.0" complexity="1.2">
					<methods>
						<method name="&lt;clinit&gt;" signature="()V" line-rate="1.0" branch-rate="1.0" complexity="0">
							<lines>
								<line number="22" hits="4" branch="false"/>
							</lines>
						</method>
						<method name="&lt;init&gt;" signature="()V" line-rate="1.0" branch-rate="1.0" complexity="0">
							<lines>
								<line number="20" hits="12" branch="false"/>
							</lines>
						</method>
						<method name="handler" signature="(Ljavax/servlet/http/HttpServletRequest;Ljava/lang/Exception;)Lorg/springframework/http/ResponseEntity;" line-rate="0.0" branch-rate="1.0" complexity="0">
							<lines>
								<line number="42" hits="0" branch="false"/>
							</lines>
						</method>
						<method name="handlerStoreException" signature="(Ljavax/servlet/http/HttpServletRequest;Lio/jistol/tm/store/exception/StoreException;)Lorg/springframework/http/ResponseEntity;" line-rate="1.0" branch-rate="1.0" complexity="0">
							<lines>
								<line number="28" hits="4" branch="false"/>
							</lines>
						</method>
						<method name="handlerUndeclaredThrowableException" signature="(Ljavax/servlet/http/HttpServletRequest;Ljava/lang/reflect/UndeclaredThrowableException;)Lorg/springframework/http/ResponseEntity;" line-rate="0.0" branch-rate="0.0" complexity="0">
							<lines>
								<line number="35" hits="0" branch="true" condition-coverage="0% (0/2)">
									<conditions>
										<condition number="0" type="jump" coverage="0%"/>
									</conditions>
								</line>
							</lines>
						</method>
						<method name="returnCommonError" signature="(Ljava/lang/Throwable;)Lorg/springframework/http/ResponseEntity;" line-rate="0.0" branch-rate="1.0" complexity="0">
							<lines>
								<line number="54" hits="0" branch="false"/>
								<line number="55" hits="0" branch="false"/>
								<line number="56" hits="0" branch="false"/>
							</lines>
						</method>
						<method name="returnStoreError" signature="(Lio/jistol/tm/store/exception/StoreException;)Lorg/springframework/http/ResponseEntity;" line-rate="1.0" branch-rate="1.0" complexity="0">
							<lines>
								<line number="47" hits="4" branch="false"/>
								<line number="48" hits="4" branch="false"/>
								<line number="49" hits="4" branch="false"/>
							</lines>
						</method>
					</methods>
					<lines>
						<line number="20" hits="12" branch="false"/>
						<line number="22" hits="4" branch="false"/>
						<line number="28" hits="4" branch="false"/>
						<line number="35" hits="0" branch="true" condition-coverage="0% (0/2)">
							<conditions>
								<condition number="0" type="jump" coverage="0%"/>
							</conditions>
						</line>
						<line number="42" hits="0" branch="false"/>
						<line number="47" hits="4" branch="false"/>
						<line number="48" hits="4" branch="false"/>
						<line number="49" hits="4" branch="false"/>
						<line number="54" hits="0" branch="false"/>
						<line number="55" hits="0" branch="false"/>
						<line number="56" hits="0" branch="false"/>
					</lines>
				</class>
				<class name="io.jistol.tm.store.exception.CommonExceptionHandler$1" filename="io/jistol/tm/store/exception/CommonExceptionHandler.java" line-rate="1.0" branch-rate="1.0" complexity="1.2">
					<methods>
						<method name="&lt;init&gt;" signature="()V" line-rate="1.0" branch-rate="1.0" complexity="0">
							<lines>
								<line number="22" hits="4" branch="false"/>
							</lines>
						</method>
					</methods>
					<lines>
						<line number="22" hits="4" branch="false"/>
					</lines>
				</class>
				<class name="io.jistol.tm.store.exception.StoreException" filename="io/jistol/tm/store/exception/StoreException.java" line-rate="0.6" branch-rate="1.0" complexity="1.0">
					<methods>
						<method name="&lt;init&gt;" signature="(Lio/jistol/tm/store/common/ResultCode;)V" line-rate="1.0" branch-rate="1.0" complexity="0">
							<lines>
								<line number="20" hits="4" branch="false"/>
								<line number="21" hits="4" branch="false"/>
								<line number="22" hits="4" branch="false"/>
								<line number="23" hits="4" branch="false"/>
							</lines>
						</method>
						<method name="&lt;init&gt;" signature="(Ljava/lang/Exception;)V" line-rate="0.0" branch-rate="1.0" complexity="0">
							<lines>
								<line number="14" hits="0" branch="false"/>
								<line number="15" hits="0" branch="false"/>
								<line number="16" hits="0" branch="false"/>
								<line number="17" hits="0" branch="false"/>
							</lines>
						</method>
						<method name="getCode" signature="()I" line-rate="1.0" branch-rate="1.0" complexity="0">
							<lines>
								<line number="26" hits="8" branch="false"/>
							</lines>
						</method>
						<method name="getMessage" signature="()Ljava/lang/String;" line-rate="1.0" branch-rate="1.0" complexity="0">
							<lines>
								<line number="31" hits="12" branch="false"/>
							</lines>
						</method>
					</methods>
					<lines>
						<line number="14" hits="0" branch="false"/>
						<line number="15" hits="0" branch="false"/>
						<line number="16" hits="0" branch="false"/>
						<line number="17" hits="0" branch="false"/>
						<line number="20" hits="4" branch="false"/>
						<line number="21" hits="4" branch="false"/>
						<line number="22" hits="4" branch="false"/>
						<line number="23" hits="4" branch="false"/>
						<line number="26" hits="8" branch="false"/>
						<line number="31" hits="12" branch="false"/>
					</lines>
				</class>
			</classes>
		</package>
		<package name="io.jistol.tm.store.jpa.dao" line-rate="0.1" branch-rate="1.0" complexity="1.0">
			<classes>
				<class name="io.jistol.tm.store.jpa.dao.IJpaAccountDao" filename="io/jistol/tm/store/jpa/dao/IJpaAccountDao.java" line-rate="1.0" branch-rate="1.0" complexity="1.0">
					<methods>
					</methods>
					<lines>
					</lines>
				</class>
				<class name="io.jistol.tm.store.jpa.dao.IJpaRuleDao" filename="io/jistol/tm/store/jpa/dao/IJpaRuleDao.java" line-rate="1.0" branch-rate="1.0" complexity="1.0">
					<methods>
					</methods>
					<lines>
					</lines>
				</class>
				<class name="io.jistol.tm.store.jpa.dao.IJpaRuleItemDao" filename="io/jistol/tm/store/jpa/dao/IJpaRuleItemDao.java" line-rate="1.0" branch-rate="1.0" complexity="0.0">
					<methods>
					</methods>
					<lines>
					</lines>
				</class>
				<class name="io.jistol.tm.store.jpa.dao.IJpaRuleScoreConditionDao" filename="io/jistol/tm/store/jpa/dao/IJpaRuleScoreConditionDao.java" line-rate="1.0" branch-rate="1.0" complexity="1.0">
					<methods>
					</methods>
					<lines>
					</lines>
				</class>
				<class name="io.jistol.tm.store.jpa.dao.IJpaRuleStoreKindRelDao" filename="io/jistol/tm/store/jpa/dao/IJpaRuleStoreKindRelDao.java" line-rate="1.0" branch-rate="1.0" complexity="1.0">
					<methods>
					</methods>
					<lines>
					</lines>
				</class>
				<class name="io.jistol.tm.store.jpa.dao.IJpaStoreDao" filename="io/jistol/tm/store/jpa/dao/IJpaStoreDao.java" line-rate="1.0" branch-rate="1.0" complexity="0.0">
					<methods>
					</methods>
					<lines>
					</lines>
				</class>
				<class name="io.jistol.tm.store.jpa.dao.IJpaStoreLikeRelDao" filename="io/jistol/tm/store/jpa/dao/IJpaStoreLikeRelDao.java" line-rate="1.0" branch-rate="1.0" complexity="1.0">
					<methods>
					</methods>
					<lines>
					</lines>
				</class>
				<class name="io.jistol.tm.store.jpa.dao.IJpaStoreRatingRelDao" filename="io/jistol/tm/store/jpa/dao/IJpaStoreRatingRelDao.java" line-rate="1.0" branch-rate="1.0" complexity="1.0">
					<methods>
					</methods>
					<lines>
					</lines>
				</class>
				<class name="io.jistol.tm.store.jpa.dao.IJpaStoreReadHistoryDao" filename="io/jistol/tm/store/jpa/dao/IJpaStoreReadHistoryDao.java" line-rate="1.0" branch-rate="1.0" complexity="1.0">
					<methods>
					</methods>
					<lines>
					</lines>
				</class>
				<class name="io.jistol.tm.store.jpa.dao.QueryDao" filename="io/jistol/tm/store/jpa/dao/QueryDao.java" line-rate="0.1" branch-rate="1.0" complexity="1.0">
					<methods>
						<method name="&lt;init&gt;" signature="()V" line-rate="1.0" branch-rate="1.0" complexity="0">
							<lines>
								<line number="12" hits="12" branch="false"/>
							</lines>
						</method>
						<method name="selectList" signature="(Ljava/lang/String;Ljava/util/function/Consumer;)Ljava/util/List;" line-rate="0.0" branch-rate="1.0" complexity="0">
							<lines>
								<line number="33" hits="0" branch="false"/>
								<line number="34" hits="0" branch="false"/>
								<line number="35" hits="0" branch="false"/>
							</lines>
						</method>
						<method name="selectOne" signature="(Ljava/lang/String;Ljava/util/function/Consumer;)Ljava/lang/Object;" line-rate="0.0" branch-rate="1.0" complexity="0">
							<lines>
								<line number="26" hits="0" branch="false"/>
								<line number="27" hits="0" branch="false"/>
								<line number="28" hits="0" branch="false"/>
							</lines>
						</method>
						<method name="update" signature="(Ljava/lang/String;Ljava/util/function/Consumer;)I" line-rate="0.0" branch-rate="1.0" complexity="0">
							<lines>
								<line number="19" hits="0" branch="false"/>
								<line number="20" hits="0" branch="false"/>
								<line number="21" hits="0" branch="false"/>
							</lines>
						</method>
					</methods>
					<lines>
						<line number="12" hits="12" branch="false"/>
						<line number="19" hits="0" branch="false"/>
						<line number="20" hits="0" branch="false"/>
						<line number="21" hits="0" branch="false"/>
						<line number="26" hits="0" branch="false"/>
						<line number="27" hits="0" branch="false"/>
						<line number="28" hits="0" branch="false"/>
						<line number="33" hits="0" branch="false"/>
						<line number="34" hits="0" branch="false"/>
						<line number="35" hits="0" branch="false"/>
					</lines>
				</class>
			</classes>
		</package>
		<package name="io.jistol.tm.store.jpa.entity.base" line-rate="0.625" branch-rate="0.875" complexity="1.0307692307692307">
			<classes>
				<class name="io.jistol.tm.store.jpa.entity.base.Account" filename="io/jistol/tm/store/jpa/entity/base/Account.java" line-rate="0.15384615384615385" branch-rate="1.0" complexity="1.0">
					<methods>
						<method name="&lt;init&gt;" signature="()V" line-rate="1.0" branch-rate="1.0" complexity="0">
							<lines>
								<line number="11" hits="20" branch="false"/>
							</lines>
						</method>
						<method name="getAccountId" signature="()Ljava/lang/String;" line-rate="0.0" branch-rate="1.0" complexity="0">
							<lines>
								<line number="27" hits="0" branch="false"/>
							</lines>
						</method>
						<method name="getAccountName" signature="()Ljava/lang/String;" line-rate="0.0" branch-rate="1.0" complexity="0">
							<lines>
								<line number="35" hits="0" branch="false"/>
							</lines>
						</method>
						<method name="getPassword" signature="()Ljava/lang/String;" line-rate="0.0" branch-rate="1.0" complexity="0">
							<lines>
								<line number="43" hits="0" branch="false"/>
							</lines>
						</method>
						<method name="getRole" signature="()Ljava/lang/String;" line-rate="1.0" branch-rate="1.0" complexity="0">
							<lines>
								<line number="51" hits="20" branch="false"/>
							</lines>
						</method>
						<method name="setAccountId" signature="(Ljava/lang/String;)V" line-rate="0.0" branch-rate="1.0" complexity="0">
							<lines>
								<line number="31" hits="0" branch="false"/>
								<line number="32" hits="0" branch="false"/>
							</lines>
						</method>
						<method name="setAccountName" signature="(Ljava/lang/String;)V" line-rate="0.0" branch-rate="1.0" complexity="0">
							<lines>
								<line number="39" hits="0" branch="false"/>
								<line number="40" hits="0" branch="false"/>
							</lines>
						</method>
						<method name="setPassword" signature="(Ljava/lang/String;)V" line-rate="0.0" branch-rate="1.0" complexity="0">
							<lines>
								<line number="47" hits="0" branch="false"/>
								<line number="48" hits="0" branch="false"/>
							</lines>
						</method>
						<method name="setRole" signature="(Ljava/lang/String;)V" line-rate="0.0" branch-rate="1.0" complexity="0">
							<lines>
								<line number="55" hits="0" branch="false"/>
								<line number="56" hits="0" branch="false"/>
							</lines>
						</method>
					</methods>
					<lines>
						<line number="11" hits="20" branch="false"/>
						<line number="27" hits="0" branch="false"/>
						<line number="31" hits="0" branch="false"/>
						<line number="32" hits="0" branch="false"/>
						<line number="35" hits="0" branch="false"/>
						<line number="39" hits="0" branch="false"/>
						<line number="40" hits="0" branch="false"/>
						<line number="43" hits="0" branch="false"/>
						<line number="47" hits="0" branch="false"/>
						<line number="48" hits="0" branch="false"/>
						<line number="51" hits="20" branch="false"/>
						<line number="55" hits="0" branch="false"/>
						<line number="56" hits="0" branch="false"/>
					</lines>
				</class>
				<class name="io.jistol.tm.store.jpa.entity.base.Rule" filename="io/jistol/tm/store/jpa/entity/base/Rule.java" line-rate="0.8275862068965517" branch-rate="0.75" complexity="1.1538461538461537">
					<methods>
						<method name="&lt;init&gt;" signature="()V" line-rate="1.0" branch-rate="1.0" complexity="0">
							<lines>
								<line number="39" hits="44" branch="false"/>
								<line number="41" hits="44" branch="false"/>
							</lines>
						</method>
						<method name="&lt;init&gt;" signature="(Ljava/lang/String;Ljava/lang/String;Ljava/lang/String;)V" line-rate="1.0" branch-rate="1.0" complexity="0">
							<lines>
								<line number="33" hits="12" branch="false"/>
								<line number="34" hits="12" branch="false"/>
								<line number="35" hits="12" branch="false"/>
								<line number="36" hits="12" branch="false"/>
								<line number="37" hits="12" branch="false"/>
							</lines>
						</method>
						<method name="addRuleScoreCondition" signature="(Lio/jistol/tm/store/jpa/entity/base/RuleScoreCondition;)V" line-rate="0.8" branch-rate="0.5" complexity="0">
							<lines>
								<line number="89" hits="212" branch="true" condition-coverage="50% (1/2)">
									<conditions>
										<condition number="0" type="jump" coverage="50%"/>
									</conditions>
								</line>
								<line number="91" hits="0" branch="false"/>
								<line number="94" hits="212" branch="false"/>
								<line number="95" hits="212" branch="false"/>
								<line number="96" hits="212" branch="false"/>
							</lines>
						</method>
						<method name="getDescription" signature="()Ljava/lang/String;" line-rate="0.0" branch-rate="1.0" complexity="0">
							<lines>
								<line number="60" hits="0" branch="false"/>
							</lines>
						</method>
						<method name="getFormula" signature="()Ljava/lang/String;" line-rate="1.0" branch-rate="1.0" complexity="0">
							<lines>
								<line number="68" hits="4008" branch="false"/>
							</lines>
						</method>
						<method name="getName" signature="()Ljava/lang/String;" line-rate="0.0" branch-rate="1.0" complexity="0">
							<lines>
								<line number="52" hits="0" branch="false"/>
							</lines>
						</method>
						<method name="getRuleId" signature="()J" line-rate="1.0" branch-rate="1.0" complexity="0">
							<lines>
								<line number="44" hits="32" branch="false"/>
							</lines>
						</method>
						<method name="getRuleScoreConditionList" signature="()Ljava/util/List;" line-rate="1.0" branch-rate="1.0" complexity="0">
							<lines>
								<line number="76" hits="436" branch="true" condition-coverage="100% (2/2)">
									<conditions>
										<condition number="0" type="jump" coverage="100%"/>
									</conditions>
								</line>
								<line number="78" hits="16" branch="false"/>
								<line number="80" hits="436" branch="false"/>
							</lines>
						</method>
						<method name="setDescription" signature="(Ljava/lang/String;)V" line-rate="1.0" branch-rate="1.0" complexity="0">
							<lines>
								<line number="64" hits="4" branch="false"/>
								<line number="65" hits="4" branch="false"/>
							</lines>
						</method>
						<method name="setFormula" signature="(Ljava/lang/String;)V" line-rate="1.0" branch-rate="1.0" complexity="0">
							<lines>
								<line number="72" hits="4" branch="false"/>
								<line number="73" hits="4" branch="false"/>
							</lines>
						</method>
						<method name="setName" signature="(Ljava/lang/String;)V" line-rate="1.0" branch-rate="1.0" complexity="0">
							<lines>
								<line number="56" hits="4" branch="false"/>
								<line number="57" hits="4" branch="false"/>
							</lines>
						</method>
						<method name="setRuleId" signature="(J)V" line-rate="0.0" branch-rate="1.0" complexity="0">
							<lines>
								<line number="48" hits="0" branch="false"/>
								<line number="49" hits="0" branch="false"/>
							</lines>
						</method>
						<method name="setRuleScoreConditionList" signature="(Ljava/util/List;)V" line-rate="1.0" branch-rate="1.0" complexity="0">
							<lines>
								<line number="84" hits="16" branch="false"/>
								<line number="85" hits="16" branch="false"/>
							</lines>
						</method>
					</methods>
					<lines>
						<line number="33" hits="12" branch="false"/>
						<line number="34" hits="12" branch="false"/>
						<line number="35" hits="12" branch="false"/>
						<line number="36" hits="12" branch="false"/>
						<line number="37" hits="12" branch="false"/>
						<line number="39" hits="44" branch="false"/>
						<line number="41" hits="44" branch="false"/>
						<line number="44" hits="32" branch="false"/>
						<line number="48" hits="0" branch="false"/>
						<line number="49" hits="0" branch="false"/>
						<line number="52" hits="0" branch="false"/>
						<line number="56" hits="4" branch="false"/>
						<line number="57" hits="4" branch="false"/>
						<line number="60" hits="0" branch="false"/>
						<line number="64" hits="4" branch="false"/>
						<line number="65" hits="4" branch="false"/>
						<line number="68" hits="4008" branch="false"/>
						<line number="72" hits="4" branch="false"/>
						<line number="73" hits="4" branch="false"/>
						<line number="76" hits="436" branch="true" condition-coverage="100% (2/2)">
							<conditions>
								<condition number="0" type="jump" coverage="100%"/>
							</conditions>
						</line>
						<line number="78" hits="16" branch="false"/>
						<line number="80" hits="436" branch="false"/>
						<line number="84" hits="16" branch="false"/>
						<line number="85" hits="16" branch="false"/>
						<line number="89" hits="212" branch="true" condition-coverage="50% (1/2)">
							<conditions>
								<condition number="0" type="jump" coverage="50%"/>
							</conditions>
						</line>
						<line number="91" hits="0" branch="false"/>
						<line number="94" hits="212" branch="false"/>
						<line number="95" hits="212" branch="false"/>
						<line number="96" hits="212" branch="false"/>
					</lines>
				</class>
				<class name="io.jistol.tm.store.jpa.entity.base.RuleItem" filename="io/jistol/tm/store/jpa/entity/base/RuleItem.java" line-rate="0.25" branch-rate="1.0" complexity="1.0">
					<methods>
						<method name="&lt;init&gt;" signature="()V" line-rate="1.0" branch-rate="1.0" complexity="0">
							<lines>
								<line number="28" hits="60" branch="false"/>
								<line number="29" hits="60" branch="false"/>
							</lines>
						</method>
						<method name="&lt;init&gt;" signature="(Lio/jistol/tm/store/common/Code;)V" line-rate="0.0" branch-rate="1.0" complexity="0">
							<lines>
								<line number="31" hits="0" branch="false"/>
								<line number="33" hits="0" branch="false"/>
								<line number="34" hits="0" branch="false"/>
								<line number="35" hits="0" branch="false"/>
								<line number="36" hits="0" branch="false"/>
							</lines>
						</method>
						<method name="getCode" signature="()Ljava/lang/String;" line-rate="1.0" branch-rate="1.0" complexity="0">
							<lines>
								<line number="39" hits="60" branch="false"/>
							</lines>
						</method>
						<method name="getName" signature="()Ljava/lang/String;" line-rate="0.0" branch-rate="1.0" complexity="0">
							<lines>
								<line number="47" hits="0" branch="false"/>
							</lines>
						</method>
						<method name="getScript" signature="()Ljava/lang/String;" line-rate="1.0" branch-rate="1.0" complexity="0">
							<lines>
								<line number="55" hits="60" branch="false"/>
							</lines>
						</method>
						<method name="setCode" signature="(Ljava/lang/String;)V" line-rate="0.0" branch-rate="1.0" complexity="0">
							<lines>
								<line number="43" hits="0" branch="false"/>
								<line number="44" hits="0" branch="false"/>
							</lines>
						</method>
						<method name="setName" signature="(Ljava/lang/String;)V" line-rate="0.0" branch-rate="1.0" complexity="0">
							<lines>
								<line number="51" hits="0" branch="false"/>
								<line number="52" hits="0" branch="false"/>
							</lines>
						</method>
						<method name="setScript" signature="(Ljava/lang/String;)V" line-rate="0.0" branch-rate="1.0" complexity="0">
							<lines>
								<line number="59" hits="0" branch="false"/>
								<line number="60" hits="0" branch="false"/>
							</lines>
						</method>
					</methods>
					<lines>
						<line number="28" hits="60" branch="false"/>
						<line number="29" hits="60" branch="false"/>
						<line number="31" hits="0" branch="false"/>
						<line number="33" hits="0" branch="false"/>
						<line number="34" hits="0" branch="false"/>
						<line number="35" hits="0" branch="false"/>
						<line number="36" hits="0" branch="false"/>
						<line number="39" hits="60" branch="false"/>
						<line number="43" hits="0" branch="false"/>
						<line number="44" hits="0" branch="false"/>
						<line number="47" hits="0" branch="false"/>
						<line number="51" hits="0" branch="false"/>
						<line number="52" hits="0" branch="false"/>
						<line number="55" hits="60" branch="false"/>
						<line number="59" hits="0" branch="false"/>
						<line number="60" hits="0" branch="false"/>
					</lines>
				</class>
				<class name="io.jistol.tm.store.jpa.entity.base.RuleScoreCondition" filename="io/jistol/tm/store/jpa/entity/base/RuleScoreCondition.java" line-rate="0.5652173913043478" branch-rate="1.0" complexity="1.0">
					<methods>
						<method name="&lt;init&gt;" signature="()V" line-rate="1.0" branch-rate="1.0" complexity="0">
							<lines>
								<line number="42" hits="616" branch="false"/>
								<line number="44" hits="616" branch="false"/>
							</lines>
						</method>
						<method name="&lt;init&gt;" signature="(Ljava/lang/String;ILjava/lang/String;I)V" line-rate="1.0" branch-rate="1.0" complexity="0">
							<lines>
								<line number="35" hits="212" branch="false"/>
								<line number="36" hits="212" branch="false"/>
								<line number="37" hits="212" branch="false"/>
								<line number="38" hits="212" branch="false"/>
								<line number="39" hits="212" branch="false"/>
								<line number="40" hits="212" branch="false"/>
							</lines>
						</method>
						<method name="getCode" signature="()Ljava/lang/String;" line-rate="1.0" branch-rate="1.0" complexity="0">
							<lines>
								<line number="47" hits="336" branch="false"/>
							</lines>
						</method>
						<method name="getCondition" signature="()Ljava/lang/String;" line-rate="1.0" branch-rate="1.0" complexity="0">
							<lines>
								<line number="63" hits="20136" branch="false"/>
							</lines>
						</method>
						<method name="getRule" signature="()Lio/jistol/tm/store/jpa/entity/base/Rule;" line-rate="0.0" branch-rate="1.0" complexity="0">
							<lines>
								<line number="79" hits="0" branch="false"/>
							</lines>
						</method>
						<method name="getScore" signature="()I" line-rate="1.0" branch-rate="1.0" complexity="0">
							<lines>
								<line number="71" hits="8232" branch="false"/>
							</lines>
						</method>
						<method name="getSeq" signature="()I" line-rate="0.0" branch-rate="1.0" complexity="0">
							<lines>
								<line number="55" hits="0" branch="false"/>
							</lines>
						</method>
						<method name="setCode" signature="(Ljava/lang/String;)V" line-rate="0.0" branch-rate="1.0" complexity="0">
							<lines>
								<line number="51" hits="0" branch="false"/>
								<line number="52" hits="0" branch="false"/>
							</lines>
						</method>
						<method name="setCondition" signature="(Ljava/lang/String;)V" line-rate="0.0" branch-rate="1.0" complexity="0">
							<lines>
								<line number="67" hits="0" branch="false"/>
								<line number="68" hits="0" branch="false"/>
							</lines>
						</method>
						<method name="setRule" signature="(Lio/jistol/tm/store/jpa/entity/base/Rule;)V" line-rate="1.0" branch-rate="1.0" complexity="0">
							<lines>
								<line number="83" hits="212" branch="false"/>
								<line number="84" hits="212" branch="false"/>
							</lines>
						</method>
						<method name="setScore" signature="(I)V" line-rate="0.0" branch-rate="1.0" complexity="0">
							<lines>
								<line number="75" hits="0" branch="false"/>
								<line number="76" hits="0" branch="false"/>
							</lines>
						</method>
						<method name="setSeq" signature="(I)V" line-rate="0.0" branch-rate="1.0" complexity="0">
							<lines>
								<line number="59" hits="0" branch="false"/>
								<line number="60" hits="0" branch="false"/>
							</lines>
						</method>
					</methods>
					<lines>
						<line number="35" hits="212" branch="false"/>
						<line number="36" hits="212" branch="false"/>
						<line number="37" hits="212" branch="false"/>
						<line number="38" hits="212" branch="false"/>
						<line number="39" hits="212" branch="false"/>
						<line number="40" hits="212" branch="false"/>
						<line number="42" hits="616" branch="false"/>
						<line number="44" hits="616" branch="false"/>
						<line number="47" hits="336" branch="false"/>
						<line number="51" hits="0" branch="false"/>
						<line number="52" hits="0" branch="false"/>
						<line number="55" hits="0" branch="false"/>
						<line number="59" hits="0" branch="false"/>
						<line number="60" hits="0" branch="false"/>
						<line number="63" hits="20136" branch="false"/>
						<line number="67" hits="0" branch="false"/>
						<line number="68" hits="0" branch="false"/>
						<line number="71" hits="8232" branch="false"/>
						<line number="75" hits="0" branch="false"/>
						<line number="76" hits="0" branch="false"/>
						<line number="79" hits="0" branch="false"/>
						<line number="83" hits="212" branch="false"/>
						<line number="84" hits="212" branch="false"/>
					</lines>
				</class>
				<class name="io.jistol.tm.store.jpa.entity.base.RuleStoreKindRel" filename="io/jistol/tm/store/jpa/entity/base/RuleStoreKindRel.java" line-rate="0.6666666666666666" branch-rate="1.0" complexity="1.0">
					<methods>
						<method name="&lt;init&gt;" signature="()V" line-rate="1.0" branch-rate="1.0" complexity="0">
							<lines>
								<line number="24" hits="84" branch="false"/>
								<line number="25" hits="84" branch="false"/>
							</lines>
						</method>
						<method name="&lt;init&gt;" signature="(JLjava/lang/String;)V" line-rate="1.0" branch-rate="1.0" complexity="0">
							<lines>
								<line number="27" hits="16" branch="false"/>
								<line number="28" hits="16" branch="false"/>
								<line number="29" hits="16" branch="false"/>
								<line number="30" hits="16" branch="false"/>
							</lines>
						</method>
						<method name="getRuleId" signature="()J" line-rate="1.0" branch-rate="1.0" complexity="0">
							<lines>
								<line number="33" hits="40" branch="false"/>
							</lines>
						</method>
						<method name="getStoreTypeCode" signature="()Ljava/lang/String;" line-rate="1.0" branch-rate="1.0" complexity="0">
							<lines>
								<line number="41" hits="16" branch="false"/>
							</lines>
						</method>
						<method name="setRuleId" signature="(J)V" line-rate="0.0" branch-rate="1.0" complexity="0">
							<lines>
								<line number="37" hits="0" branch="false"/>
								<line number="38" hits="0" branch="false"/>
							</lines>
						</method>
						<method name="setStoreTypeCode" signature="(Ljava/lang/String;)V" line-rate="0.0" branch-rate="1.0" complexity="0">
							<lines>
								<line number="45" hits="0" branch="false"/>
								<line number="46" hits="0" branch="false"/>
							</lines>
						</method>
					</methods>
					<lines>
						<line number="24" hits="84" branch="false"/>
						<line number="25" hits="84" branch="false"/>
						<line number="27" hits="16" branch="false"/>
						<line number="28" hits="16" branch="false"/>
						<line number="29" hits="16" branch="false"/>
						<line number="30" hits="16" branch="false"/>
						<line number="33" hits="40" branch="false"/>
						<line number="37" hits="0" branch="false"/>
						<line number="38" hits="0" branch="false"/>
						<line number="41" hits="16" branch="false"/>
						<line number="45" hits="0" branch="false"/>
						<line number="46" hits="0" branch="false"/>
					</lines>
				</class>
				<class name="io.jistol.tm.store.jpa.entity.base.Store" filename="io/jistol/tm/store/jpa/entity/base/Store.java" line-rate="0.9622641509433962" branch-rate="1.0" complexity="1.0666666666666667">
					<methods>
						<method name="&lt;init&gt;" signature="()V" line-rate="1.0" branch-rate="1.0" complexity="0">
							<lines>
								<line number="19" hits="8716" branch="false"/>
							</lines>
						</method>
						<method name="addStoreDescriptionList" signature="(Lio/jistol/tm/store/jpa/entity/base/StoreDescription;)V" line-rate="1.0" branch-rate="1.0" complexity="0">
							<lines>
								<line number="177" hits="104" branch="true" condition-coverage="100% (2/2)">
									<conditions>
										<condition number="0" type="jump" coverage="100%"/>
									</conditions>
								</line>
								<line number="179" hits="64" branch="false"/>
								<line number="182" hits="104" branch="false"/>
								<line number="183" hits="104" branch="false"/>
								<line number="184" hits="104" branch="false"/>
							</lines>
						</method>
						<method name="addStorePhotoList" signature="(Lio/jistol/tm/store/jpa/entity/base/StorePhoto;)V" line-rate="1.0" branch-rate="1.0" complexity="0">
							<lines>
								<line number="196" hits="132" branch="true" condition-coverage="100% (2/2)">
									<conditions>
										<condition number="0" type="jump" coverage="100%"/>
									</conditions>
								</line>
								<line number="198" hits="24" branch="false"/>
								<line number="201" hits="132" branch="false"/>
								<line number="202" hits="132" branch="false"/>
								<line number="203" hits="132" branch="false"/>
							</lines>
						</method>
						<method name="getAvgRating" signature="()I" line-rate="1.0" branch-rate="1.0" complexity="0">
							<lines>
								<line number="116" hits="1124" branch="false"/>
							</lines>
						</method>
						<method name="getDescription" signature="()Ljava/lang/String;" line-rate="1.0" branch-rate="1.0" complexity="0">
							<lines>
								<line number="211" hits="1124" branch="false"/>
							</lines>
						</method>
						<method name="getHaveEvent" signature="()Ljava/lang/String;" line-rate="1.0" branch-rate="1.0" complexity="0">
							<lines>
								<line number="143" hits="5132" branch="false"/>
							</lines>
						</method>
						<method name="getLikeCount" signature="()I" line-rate="1.0" branch-rate="1.0" complexity="0">
							<lines>
								<line number="108" hits="1124" branch="false"/>
							</lines>
						</method>
						<method name="getMainPhotoUrl" signature="()Ljava/lang/String;" line-rate="1.0" branch-rate="1.0" complexity="0">
							<lines>
								<line number="125" hits="1228" branch="false"/>
							</lines>
						</method>
						<method name="getName" signature="()Ljava/lang/String;" line-rate="1.0" branch-rate="1.0" complexity="0">
							<lines>
								<line number="81" hits="1124" branch="false"/>
							</lines>
						</method>
						<method name="getReadCount" signature="()I" line-rate="1.0" branch-rate="1.0" complexity="0">
							<lines>
								<line number="99" hits="1128" branch="false"/>
							</lines>
						</method>
						<method name="getStoreDescriptionList" signature="()Ljava/util/List;" line-rate="1.0" branch-rate="1.0" complexity="0">
							<lines>
								<line number="168" hits="212" branch="false"/>
							</lines>
						</method>
						<method name="getStoreId" signature="()J" line-rate="1.0" branch-rate="1.0" complexity="0">
							<lines>
								<line number="72" hits="39132" branch="false"/>
							</lines>
						</method>
						<method name="getStorePhotoList" signature="()Ljava/util/List;" line-rate="1.0" branch-rate="1.0" complexity="0">
							<lines>
								<line number="187" hits="272" branch="false"/>
							</lines>
						</method>
						<method name="getStoreTypeCode" signature="()Ljava/lang/String;" line-rate="1.0" branch-rate="1.0" complexity="0">
							<lines>
								<line number="134" hits="1496" branch="false"/>
							</lines>
						</method>
						<method name="getTel" signature="()Ljava/lang/String;" line-rate="1.0" branch-rate="1.0" complexity="0">
							<lines>
								<line number="90" hits="1124" branch="false"/>
							</lines>
						</method>
						<method name="getUpdatedDate" signature="()Ljava/sql/Timestamp;" line-rate="1.0" branch-rate="1.0" complexity="0">
							<lines>
								<line number="160" hits="5264" branch="false"/>
							</lines>
						</method>
						<method name="getValueScore" signature="()D" line-rate="1.0" branch-rate="1.0" complexity="0">
							<lines>
								<line number="151" hits="1124" branch="false"/>
[...]
							<lines>
								<line number="156" hits="456" branch="false"/>
								<line number="158" hits="0" branch="false"/>
								<line number="160" hits="0" branch="false"/>
								<line number="161" hits="0" branch="false"/>
								<line number="162" hits="456" branch="false"/>
								<line number="163" hits="456" branch="false"/>
							</lines>
						</method>
						<method name="lambda$toMap$3" signature="(Ljava/util/Map;Ljava/util/Map;)Ljava/util/Map;" line-rate="0.0" branch-rate="1.0" complexity="0">
							<lines>
								<line number="165" hits="0" branch="false"/>
							</lines>
						</method>
						<method name="lambda$toMapList$0" signature="(Ljava/util/function/Function;Ljava/util/function/Function;Ljava/util/Map;Ljava/lang/Object;)Ljava/util/Map;" line-rate="1.0" branch-rate="1.0" complexity="0">
							<lines>
								<line number="139" hits="168" branch="false"/>
								<line number="140" hits="168" branch="true" condition-coverage="100% (2/2)">
									<conditions>
										<condition number="0" type="jump" coverage="100%"/>
									</conditions>
								</line>
								<line number="141" hits="168" branch="false"/>
								<line number="142" hits="168" branch="false"/>
								<line number="143" hits="168" branch="false"/>
							</lines>
						</method>
						<method name="lambda$toMapList$1" signature="(Ljava/util/Map;Ljava/util/Map;)Ljava/util/Map;" line-rate="0.0" branch-rate="1.0" complexity="0">
							<lines>
								<line number="145" hits="0" branch="false"/>
							</lines>
						</method>
						<method name="lpad" signature="(Ljava/lang/String;CI)Ljava/lang/String;" line-rate="1.0" branch-rate="1.0" complexity="0">
							<lines>
								<line number="224" hits="4" branch="false"/>
							</lines>
						</method>
						<method name="profile" signature="(JJ)V" line-rate="0.2857142857142857" branch-rate="0.5" complexity="0">
							<lines>
								<line number="212" hits="16" branch="true" condition-coverage="50% (1/2)">
									<conditions>
										<condition number="0" type="jump" coverage="50%"/>
									</conditions>
								</line>
								<line number="214" hits="0" branch="false"/>
								<line number="215" hits="0" branch="false"/>
								<line number="216" hits="0" branch="false"/>
								<line number="217" hits="0" branch="false"/>
								<line number="218" hits="0" branch="false"/>
								<line number="220" hits="16" branch="false"/>
							</lines>
						</method>
						<method name="round" signature="(DI)D" line-rate="1.0" branch-rate="1.0" complexity="0">
							<lines>
								<line number="52" hits="4008" branch="false"/>
							</lines>
						</method>
						<method name="toInt" signature="(Ljava/lang/Object;)I" line-rate="0.6666666666666666" branch-rate="0.5" complexity="0">
							<lines>
								<line number="102" hits="356" branch="true" condition-coverage="50% (1/2)">
									<conditions>
										<condition number="0" type="jump" coverage="50%"/>
									</conditions>
								</line>
								<line number="104" hits="356" branch="false"/>
								<line number="108" hits="0" branch="false"/>
							</lines>
						</method>
						<method name="toJson" signature="(Ljava/lang/Object;)Ljava/lang/String;" line-rate="1.0" branch-rate="1.0" complexity="0">
							<lines>
								<line number="92" hits="4" branch="false"/>
							</lines>
						</method>
						<method name="toJson" signature="(Ljava/util/Collection;)Ljava/lang/String;" line-rate="0.0" branch-rate="1.0" complexity="0">
							<lines>
								<line number="97" hits="0" branch="false"/>
							</lines>
						</method>
						<method name="toJson" signature="(Ljava/util/Map;)Ljava/lang/String;" line-rate="1.0" branch-rate="1.0" complexity="0">
							<lines>
								<line number="87" hits="56" branch="false"/>
							</lines>
						</method>
						<method name="toLong" signature="(Ljava/lang/Object;)J" line-rate="0.6666666666666666" branch-rate="0.5" complexity="0">
							<lines>
								<line number="114" hits="880" branch="true" condition-coverage="50% (1/2)">
									<conditions>
										<condition number="0" type="jump" coverage="50%"/>
									</conditions>
								</line>
								<line number="116" hits="880" branch="false"/>
								<line number="120" hits="0" branch="false"/>
							</lines>
						</method>
						<method name="toMap" signature="(Ljava/lang/String;Ljava/lang/String;)Ljava/util/Map;" line-rate="1.0" branch-rate="0.5" complexity="0">
							<lines>
								<line number="81" hits="184" branch="false"/>
								<line number="82" hits="184" branch="true" condition-coverage="50% (1/2)">
									<conditions>
										<condition number="0" type="jump" coverage="50%"/>
									</conditions>
								</line>
							</lines>
						</method>
						<method name="toMap" signature="(Ljava/util/List;Ljava/util/function/Function;Ljava/util/function/Function;)Ljava/util/Map;" line-rate="1.0" branch-rate="0.5" complexity="0">
							<lines>
								<line number="150" hits="48" branch="false"/>
								<line number="151" hits="48" branch="true" condition-coverage="50% (1/2)">
									<conditions>
										<condition number="0" type="jump" coverage="50%"/>
									</conditions>
								</line>
								<line number="152" hits="48" branch="false"/>
							</lines>
						</method>
						<method name="toMapList" signature="(Ljava/util/List;Ljava/util/function/Function;Ljava/util/function/Function;)Ljava/util/Map;" line-rate="1.0" branch-rate="0.5" complexity="0">
							<lines>
								<line number="136" hits="12" branch="false"/>
								<line number="137" hits="12" branch="true" condition-coverage="50% (1/2)">
									<conditions>
										<condition number="0" type="jump" coverage="50%"/>
									</conditions>
								</line>
							</lines>
						</method>
					</methods>
					<lines>
						<line number="20" hits="0" branch="false"/>
						<line number="22" hits="4" branch="false"/>
						<line number="26" hits="0" branch="true" condition-coverage="0% (0/4)">
							<conditions>
								<condition number="0" type="jump" coverage="0%"/>
								<condition number="1" type="jump" coverage="0%"/>
							</conditions>
						</line>
						<line number="28" hits="0" branch="false"/>
						<line number="30" hits="0" branch="true" condition-coverage="0% (0/2)">
							<conditions>
								<condition number="0" type="jump" coverage="0%"/>
							</conditions>
						</line>
						<line number="35" hits="0" branch="true" condition-coverage="0% (0/2)">
							<conditions>
								<condition number="0" type="jump" coverage="0%"/>
							</conditions>
						</line>
						<line number="37" hits="0" branch="true" condition-coverage="0% (0/2)">
							<conditions>
								<condition number="0" type="jump" coverage="0%"/>
							</conditions>
						</line>
						<line number="39" hits="0" branch="false"/>
						<line number="42" hits="0" branch="false"/>
						<line number="47" hits="8340" branch="true" condition-coverage="75% (3/4)">
							<conditions>
								<condition number="0" type="jump" coverage="50%"/>
								<condition number="1" type="jump" coverage="100%"/>
							</conditions>
						</line>
						<line number="52" hits="4008" branch="false"/>
						<line number="56" hits="284" branch="true" condition-coverage="75% (3/4)">
							<conditions>
								<condition number="0" type="jump" coverage="100%"/>
								<condition number="1" type="jump" coverage="50%"/>
							</conditions>
						</line>
						<line number="60" hits="200" branch="true" condition-coverage="100% (2/2)">
							<conditions>
								<condition number="0" type="jump" coverage="100%"/>
							</conditions>
						</line>
						<line number="64" hits="240" branch="true" condition-coverage="75% (3/4)">
							<conditions>
								<condition number="0" type="jump" coverage="50%"/>
								<condition number="1" type="jump" coverage="100%"/>
							</conditions>
						</line>
						<line number="68" hits="232" branch="true" condition-coverage="100% (2/2)">
							<conditions>
								<condition number="0" type="jump" coverage="100%"/>
							</conditions>
						</line>
						<line number="72" hits="76" branch="true" condition-coverage="75% (3/4)">
							<conditions>
								<condition number="0" type="jump" coverage="50%"/>
								<condition number="1" type="jump" coverage="100%"/>
							</conditions>
						</line>
						<line number="76" hits="76" branch="true" condition-coverage="100% (2/2)">
							<conditions>
								<condition number="0" type="jump" coverage="100%"/>
							</conditions>
						</line>
						<line number="81" hits="184" branch="false"/>
						<line number="82" hits="184" branch="true" condition-coverage="50% (1/2)">
							<conditions>
								<condition number="0" type="jump" coverage="50%"/>
							</conditions>
						</line>
						<line number="87" hits="56" branch="false"/>
						<line number="92" hits="4" branch="false"/>
						<line number="97" hits="0" branch="false"/>
						<line number="102" hits="356" branch="true" condition-coverage="50% (1/2)">
							<conditions>
								<condition number="0" type="jump" coverage="50%"/>
							</conditions>
						</line>
						<line number="104" hits="356" branch="false"/>
						<line number="108" hits="0" branch="false"/>
						<line number="114" hits="880" branch="true" condition-coverage="50% (1/2)">
							<conditions>
								<condition number="0" type="jump" coverage="50%"/>
							</conditions>
						</line>
						<line number="116" hits="880" branch="false"/>
						<line number="120" hits="0" branch="false"/>
						<line number="126" hits="120" branch="false"/>
						<line number="131" hits="4" branch="false"/>
						<line number="136" hits="12" branch="false"/>
						<line number="137" hits="12" branch="true" condition-coverage="50% (1/2)">
							<conditions>
								<condition number="0" type="jump" coverage="50%"/>
							</conditions>
						</line>
						<line number="139" hits="168" branch="false"/>
						<line number="140" hits="168" branch="true" condition-coverage="100% (2/2)">
							<conditions>
								<condition number="0" type="jump" coverage="100%"/>
							</conditions>
						</line>
						<line number="141" hits="168" branch="false"/>
						<line number="142" hits="168" branch="false"/>
						<line number="143" hits="168" branch="false"/>
						<line number="145" hits="0" branch="false"/>
						<line number="150" hits="48" branch="false"/>
						<line number="151" hits="48" branch="true" condition-coverage="50% (1/2)">
							<conditions>
								<condition number="0" type="jump" coverage="50%"/>
							</conditions>
						</line>
						<line number="152" hits="48" branch="false"/>
						<line number="156" hits="456" branch="false"/>
						<line number="158" hits="0" branch="false"/>
						<line number="160" hits="0" branch="false"/>
						<line number="161" hits="0" branch="false"/>
						<line number="162" hits="456" branch="false"/>
						<line number="163" hits="456" branch="false"/>
						<line number="165" hits="0" branch="false"/>
						<line number="170" hits="112" branch="false"/>
						<line number="171" hits="112" branch="false"/>
						<line number="172" hits="112" branch="false"/>
						<line number="173" hits="112" branch="false"/>
						<line number="174" hits="112" branch="false"/>
						<line number="175" hits="112" branch="false"/>
						<line number="176" hits="112" branch="false"/>
						<line number="177" hits="112" branch="false"/>
						<line number="178" hits="112" branch="false"/>
						<line number="179" hits="112" branch="false"/>
						<line number="180" hits="112" branch="false"/>
						<line number="181" hits="112" branch="false"/>
						<line number="186" hits="72" branch="false"/>
						<line number="187" hits="72" branch="false"/>
						<line number="188" hits="72" branch="true" condition-coverage="100% (2/2)">
							<conditions>
								<condition number="0" type="jump" coverage="100%"/>
							</conditions>
						</line>
						<line number="190" hits="52" branch="false"/>
						<line number="194" hits="20" branch="false"/>
						<line number="200" hits="96" branch="false"/>
						<line number="201" hits="96" branch="false"/>
						<line number="202" hits="296" branch="true" condition-coverage="100% (2/2)">
							<conditions>
								<condition number="0" type="jump" coverage="100%"/>
							</conditions>
						</line>
						<line number="204" hits="200" branch="false"/>
						<line number="205" hits="200" branch="false"/>
						<line number="207" hits="96" branch="false"/>
						<line number="212" hits="16" branch="true" condition-coverage="50% (1/2)">
							<conditions>
								<condition number="0" type="jump" coverage="50%"/>
							</conditions>
						</line>
						<line number="214" hits="0" branch="false"/>
						<line number="215" hits="0" branch="false"/>
						<line number="216" hits="0" branch="false"/>
						<line number="217" hits="0" branch="false"/>
						<line number="218" hits="0" branch="false"/>
						<line number="220" hits="16" branch="false"/>
						<line number="224" hits="4" branch="false"/>
					</lines>
				</class>
				<class name="io.jistol.tm.store.util.Util$1" filename="io/jistol/tm/store/util/Util.java" line-rate="1.0" branch-rate="1.0" complexity="0.0">
					<methods>
						<method name="&lt;init&gt;" signature="()V" line-rate="1.0" branch-rate="1.0" complexity="0">
							<lines>
								<line number="22" hits="4" branch="false"/>
							</lines>
						</method>
					</methods>
					<lines>
						<line number="22" hits="4" branch="false"/>
					</lines>
				</class>
				<class name="io.jistol.tm.store.util.ValueCalculator" filename="io/jistol/tm/store/util/ValueCalculator.java" line-rate="0.7692307692307693" branch-rate="0.8333333333333334" complexity="3.75">
					<methods>
						<method name="&lt;clinit&gt;" signature="()V" line-rate="1.0" branch-rate="1.0" complexity="0">
							<lines>
								<line number="19" hits="4" branch="false"/>
								<line number="24" hits="4" branch="false"/>
							</lines>
						</method>
						<method name="&lt;init&gt;" signature="(Ljava/lang/String;Ljava/util/Map;Ljava/util/List;)V" line-rate="1.0" branch-rate="0.5" complexity="0">
							<lines>
								<line number="27" hits="36" branch="false"/>
								<line number="29" hits="36" branch="false"/>
								<line number="30" hits="36" branch="true" condition-coverage="50% (1/2)">
									<conditions>
										<condition number="0" type="jump" coverage="50%"/>
									</conditions>
								</line>
								<line number="31" hits="36" branch="true" condition-coverage="50% (1/2)">
									<conditions>
										<condition number="0" type="jump" coverage="50%"/>
									</conditions>
								</line>
								<line number="32" hits="36" branch="false"/>
							</lines>
						</method>
						<method name="calculrate" signature="(Ljava/lang/String;)D" line-rate="0.5" branch-rate="1.0" complexity="0">
							<lines>
								<line number="38" hits="4008" branch="false"/>
								<line number="39" hits="4008" branch="false"/>
								<line number="40" hits="4008" branch="false"/>
								<line number="42" hits="0" branch="false"/>
								<line number="44" hits="0" branch="false"/>
								<line number="45" hits="0" branch="false"/>
							</lines>
						</method>
						<method name="execute" signature="(JLjava/lang/String;)Ljava/lang/String;" line-rate="1.0" branch-rate="1.0" complexity="0">
							<lines>
								<line number="68" hits="12024" branch="true" condition-coverage="100% (2/2)">
									<conditions>
										<condition number="0" type="jump" coverage="100%"/>
									</conditions>
								</line>
								<line number="70" hits="324" branch="false"/>
								<line number="72" hits="11700" branch="false"/>
							</lines>
						</method>
						<method name="execute" signature="(Ljava/util/List;Ljava/lang/String;Ljava/lang/Object;Ljava/lang/String;)Ljava/lang/String;" line-rate="0.7" branch-rate="1.0" complexity="0">
							<lines>
								<line number="51" hits="8340" branch="true" condition-coverage="100% (2/2)">
									<conditions>
										<condition number="0" type="jump" coverage="100%"/>
									</conditions>
								</line>
								<line number="52" hits="8340" branch="true" condition-coverage="100% (2/2)">
									<conditions>
										<condition number="0" type="jump" coverage="100%"/>
									</conditions>
								</line>
								<line number="54" hits="20136" branch="true" condition-coverage="100% (2/2)">
									<conditions>
										<condition number="0" type="jump" coverage="100%"/>
									</conditions>
								</line>
								<line number="56" hits="8232" branch="false"/>
								<line number="58" hits="0" branch="false"/>
								<line number="59" hits="0" branch="false"/>
								<line number="60" hits="0" branch="false"/>
								<line number="61" hits="11904" branch="false"/>
								<line number="62" hits="11904" branch="false"/>
								<line number="63" hits="108" branch="false"/>
							</lines>
						</method>
					</methods>
					<lines>
						<line number="19" hits="4" branch="false"/>
						<line number="24" hits="4" branch="false"/>
						<line number="27" hits="36" branch="false"/>
						<line number="29" hits="36" branch="false"/>
						<line number="30" hits="36" branch="true" condition-coverage="50% (1/2)">
							<conditions>
								<condition number="0" type="jump" coverage="50%"/>
							</conditions>
						</line>
						<line number="31" hits="36" branch="true" condition-coverage="50% (1/2)">
							<conditions>
								<condition number="0" type="jump" coverage="50%"/>
							</conditions>
						</line>
						<line number="32" hits="36" branch="false"/>
						<line number="38" hits="4008" branch="false"/>
						<line number="39" hits="4008" branch="false"/>
						<line number="40" hits="4008" branch="false"/>
						<line number="42" hits="0" branch="false"/>
						<line number="44" hits="0" branch="false"/>
						<line number="45" hits="0" branch="false"/>
						<line number="51" hits="8340" branch="true" condition-coverage="100% (2/2)">
							<conditions>
								<condition number="0" type="jump" coverage="100%"/>
							</conditions>
						</line>
						<line number="52" hits="8340" branch="true" condition-coverage="100% (2/2)">
							<conditions>
								<condition number="0" type="jump" coverage="100%"/>
							</conditions>
						</line>
						<line number="54" hits="20136" branch="true" condition-coverage="100% (2/2)">
							<conditions>
								<condition number="0" type="jump" coverage="100%"/>
							</conditions>
						</line>
						<line number="56" hits="8232" branch="false"/>
						<line number="58" hits="0" branch="false"/>
						<line number="59" hits="0" branch="false"/>
						<line number="60" hits="0" branch="false"/>
						<line number="61" hits="11904" branch="false"/>
						<line number="62" hits="11904" branch="false"/>
						<line number="63" hits="108" branch="false"/>
						<line number="68" hits="12024" branch="true" condition-coverage="100% (2/2)">
							<conditions>
								<condition number="0" type="jump" coverage="100%"/>
							</conditions>
						</line>
						<line number="70" hits="324" branch="false"/>
						<line number="72" hits="11700" branch="false"/>
					</lines>
				</class>
				<class name="io.jistol.tm.store.util.ValueCalculator$1" filename="io/jistol/tm/store/util/ValueCalculator.java" line-rate="1.0" branch-rate="1.0" complexity="3.75">
					<methods>
						<method name="&lt;init&gt;" signature="()V" line-rate="1.0" branch-rate="1.0" complexity="0">
							<lines>
								<line number="19" hits="4" branch="false"/>
							</lines>
						</method>
					</methods>
					<lines>
						<line number="19" hits="4" branch="false"/>
					</lines>
				</class>
			</classes>
		</package>
	</packages>
</coverage>
